<?xml version="1.0" encoding="UTF-8"?>
<testng-results ignored="0" total="1" passed="1" failed="0" skipped="0">
  <reporter-output>
  </reporter-output>
  <suite started-at="2022-03-27T20:05:24 IST" name="Default suite" finished-at="2022-03-27T20:05:24 IST" duration-ms="69">
    <groups>
    </groups>
    <test started-at="2022-03-27T20:05:24 IST" name="Default test" finished-at="2022-03-27T20:05:24 IST" duration-ms="69">
      <class name="TESTNG.basictestng">
        <test-method is-config="true" signature="test1()[pri:0, instance:TESTNG.basictestng@7205765b]" started-at="2022-03-27T20:05:24 IST" name="test1" finished-at="2022-03-27T20:05:24 IST" duration-ms="15" status="PASS">
          <reporter-output>
          </reporter-output>
        </test-method> <!-- test1 -->
        <test-method is-config="true" signature="test2()[pri:0, instance:TESTNG.basictestng@7205765b]" started-at="2022-03-27T20:05:24 IST" name="test2" finished-at="2022-03-27T20:05:24 IST" duration-ms="3" status="PASS">
          <reporter-output>
          </reporter-output>
        </test-method> <!-- test2 -->
        <test-method is-config="true" signature="test4()[pri:0, instance:TESTNG.basictestng@7205765b]" started-at="2022-03-27T20:05:24 IST" name="test4" finished-at="2022-03-27T20:05:24 IST" duration-ms="1" status="PASS">
          <reporter-output>
          </reporter-output>
        </test-method> <!-- test4 -->
        <test-method is-config="true" signature="test5()[pri:0, instance:TESTNG.basictestng@7205765b]" started-at="2022-03-27T20:05:24 IST" name="test5" finished-at="2022-03-27T20:05:24 IST" duration-ms="1" status="PASS">
          <reporter-output>
          </reporter-output>
        </test-method> <!-- test5 -->
        <test-method signature="test3()[pri:0, instance:TESTNG.basictestng@7205765b]" started-at="2022-03-27T20:05:24 IST" name="test3" finished-at="2022-03-27T20:05:24 IST" duration-ms="10" status="PASS">
          <reporter-output>
          </reporter-output>
        </test-method> <!-- test3 -->
        <test-method is-config="true" signature="test9()[pri:0, instance:TESTNG.basictestng@7205765b]" started-at="2022-03-27T20:05:24 IST" name="test9" finished-at="2022-03-27T20:05:24 IST" duration-ms="0" status="PASS">
          <reporter-output>
          </reporter-output>
        </test-method> <!-- test9 -->
        <test-method is-config="true" signature="test8()[pri:0, instance:TESTNG.basictestng@7205765b]" started-at="2022-03-27T20:05:24 IST" name="test8" finished-at="2022-03-27T20:05:24 IST" duration-ms="0" status="PASS">
          <reporter-output>
          </reporter-output>
        </test-method> <!-- test8 -->
        <test-method is-config="true" signature="test7()[pri:0, instance:TESTNG.basictestng@7205765b]" started-at="2022-03-27T20:05:24 IST" name="test7" finished-at="2022-03-27T20:05:24 IST" duration-ms="1" status="PASS">
          <reporter-output>
          </reporter-output>
        </test-method> <!-- test7 -->
        <test-method is-config="true" signature="test6()[pri:0, instance:TESTNG.basictestng@7205765b]" started-at="2022-03-27T20:05:24 IST" name="test6" finished-at="2022-03-27T20:05:24 IST" duration-ms="0" status="PASS">
          <reporter-output>
          </reporter-output>
        </test-method> <!-- test6 -->
      </class> <!-- TESTNG.basictestng -->
    </test> <!-- Default test -->
  </suite> <!-- Default suite -->
</testng-results>
